
status": "offline", "name": "zhouzhiyang"}, {"status": "offline", "name": "sunxu"}, {"status": "offline", "name": "zhangdongyang"}, {"status": "offline", "name": "liujun02"}, {"status": "offline", "name": "lichao"}, {"status": "offline", "name": "garrylin"}]
操作符号1
字符串长度是:58
961 2,223,23,None,[{"status": "online", "name": "lihao"}, {"status": "offline", "name": "yishipeng"}, {"status": "online", "name": "zhujunhua"}, {"status": "offline", "name": "admin"}, {"status": "offline", "name": "zhouzhiyang"}, {"status": "offline", "name": "sunxu"}, {"status": "offline", "name": "zhangdongyang"}, {"status": "offline", "name": "liujun02"}, {"status": "offline", "name": "lichao"}, {"status": "offline", "name": "garrylin"}]
961<split>7cd38ee5a4f878471ee0a816e75ed471<split>2,223,23,None,[{"status": "online", "name": "lihao"}, {"status": "offline", "name": "yishipeng"}, {"status": "online", "name": "zhujunhua"}, {"status": "offline", "name": "admin"}, {"status": "offline", "name": "zhouzhiyang"}, {"status": "offline", "name": "sunxu"}, {"status": "offline", "name": "zhangdongyang"}, {"status": "offline", "name": "liujun02"}, {"status": "offline", "name": "lichao"}, {"status": "offline", "name": "garrylin"}]
操作符号1
字符串长度是:58
986 2,223,23,None,[{"status": "online", "name": "lihao"}, {"status": "offline", "name": "yishipeng"}, {"status": "online", "name": "zhujunhua"}, {"status": "offline", "name": "admin"}, {"status": "offline", "name": "zhouzhiyang"}, {"status": "offline", "name": "sunxu"}, {"status": "offline", "name": "zhangdongyang"}, {"status": "offline", "name": "liujun02"}, {"status": "offline", "name": "lichao"}, {"status": "offline", "name": "garrylin"}]
986<split>23057ec47f8a21bc7f0337179d31cf2b<split>2,223,23,None,[{"status": "online", "name": "lihao"}, {"status": "offline", "name": "yishipeng"}, {"status": "online", "name": "zhujunhua"}, {"status": "offline", "name": "admin"}, {"status": "offline", "name": "zhouzhiyang"}, {"status": "offline", "name": "sunxu"}, {"status": "offline", "name": "zhangdongyang"}, {"status": "offline", "name": "liujun02"}, {"status": "offline", "name": "lichao"}, {"status": "offline", "name": "garrylin"}]
操作符号1
字符串长度是:58
961 2,223,23,None,[{"status": "online", "name": "lihao"}, {"status": "offline", "name": "yishipeng"}, {"status": "online", "name": "zhujunhua"}, {"status": "offline", "name": "admin"}, {"status": "offline", "name": "zhouzhiyang"}, {"status": "offline", "name": "sunxu"}, {"status": "offline", "name": "zhangdongyang"}, {"status": "offline", "name": "liujun02"}, {"status": "offline", "name": "lichao"}, {"status": "offline", "name": "garrylin"}]
961<split>7cd38ee5a4f878471ee0a816e75ed471<split>2,223,23,None,[{"status": "online", "name": "lihao"}, {"status": "offline", "name": "yishipeng"}, {"status": "online", "name": "zhujunhua"}, {"status": "offline", "name": "admin"}, {"status": "offline", "name": "zhouzhiyang"}, {"status": "offline", "name": "sunxu"}, {"status": "offline", "name": "zhangdongyang"}, {"status": "offline", "name": "liujun02"}, {"status": "offline", "name": "lichao"}, {"status": "offline", "name": "garrylin"}]
操作符号1
字符串长度是:58
986 2,223,23,None,[{"status": "online", "name": "lihao"}, {"status": "offline", "name": "yishipeng"}, {"status": "online", "name": "zhujunhua"}, {"status": "offline", "name": "admin"}, {"status": "offline", "name": "zhouzhiyang"}, {"status": "offline", "name": "sunxu"}, {"status": "offline", "name": "zhangdongyang"}, {"status": "offline", "name": "liujun02"}, {"status": "offline", "name": "lichao"}, {"status": "offline", "name": "garrylin"}]
986<split>23057ec47f8a21bc7f0337179d31cf2b<split>2,223,23,None,[{"status": "online", "name": "lihao"}, {"status": "offline", "name": "yishipeng"}, {"status": "online", "name": "zhujunhua"}, {"status": "offline", "name": "admin"}, {"status": "offline", "name": "zhouzhiyang"}, {"status": "offline", "name": "sunxu"}, {"status": "offline", "name": "zhangdongyang"}, {"status": "offline", "name": "liujun02"}, {"status": "offline", "name": "lichao"}, {"status": "offline", "name": "garrylin"}]
操作符号1
字符串长度是:58
961 2,223,23,None,[{"status": "online", "name": "lihao"}, {"status": "offline", "name": "yishipeng"}, {"status": "online", "name": "zhujunhua"}, {"status": "offline", "name": "admin"}, {"status": "offline", "name": "zhouzhiyang"}, {"status": "offline", "name": "sunxu"}, {"status": "offline", "name": "zhangdongyang"}, {"status": "offline", "name": "liujun02"}, {"status": "offline", "name": "lichao"}, {"status": "offline", "name": "garrylin"}]
961<split>7cd38ee5a4f878471ee0a816e75ed471<split>2,223,23,None,[{"status": "online", "name": "lihao"}, {"status": "offline", "name": "yishipeng"}, {"status": "online", "name": "zhujunhua"}, {"status": "offline", "name": "admin"}, {"status": "offline", "name": "zhouzhiyang"}, {"status": "offline", "name": "sunxu"}, {"status": "offline", "name": "zhangdongyang"}, {"status": "offline", "name": "liujun02"}, {"status": "offline", "name": "lichao"}, {"status": "offline", "name": "garrylin"}]
操作符号1
字符串长度是:58
986 2,223,23,None,[{"status": "online", "name": "lihao"}, {"status": "offline", "name": "yishipeng"}, {"status": "online", "name": "zhujunhua"}, {"status": "offline", "name": "admin"}, {"status": "offline", "name": "zhouzhiyang"}, {"status": "offline", "name": "sunxu"}, {"status": "offline", "name": "zhangdongyang"}, {"status": "offline", "name": "liujun02"}, {"status": "offline", "name": "lichao"}, {"status": "offline", "name": "garrylin"}]
986<split>23057ec47f8a21bc7f0337179d31cf2b<split>2,223,23,None,[{"status": "online", "name": "lihao"}, {"status": "offline", "name": "yishipeng"}, {"status": "online", "name": "zhujunhua"}, {"status": "offline", "name": "admin"}, {"status": "offline", "name": "zhouzhiyang"}, {"status": "offline", "name": "sunxu"}, {"status": "offline", "name": "zhangdongyang"}, {"status": "offline", "name": "liujun02"}, {"status": "offline", "name": "lichao"}, {"status": "offline", "name": "garrylin"}]
操作符号1
字符串长度是:58
961 2,223,23,None,[{"status": "online", "name": "lihao"}, {"status": "offline", "name": "yishipeng"}, {"status": "online", "name": "zhujunhua"}, {"status": "offline", "name": "admin"}, {"status": "offline", "name": "zhouzhiyang"}, {"status": "offline", "name": "sunxu"}, {"status": "offline", "name": "zhangdongyang"}, {"status": "offline", "name": "liujun02"}, {"status": "offline", "name": "lichao"}, {"status": "offline", "name": "garrylin"}]
961<split>7cd38ee5a4f878471ee0a816e75ed471<split>2,223,23,None,[{"status": "online", "name": "lihao"}, {"status": "offline", "name": "yishipeng"}, {"status": "online", "name": "zhujunhua"}, {"status": "offline", "name": "admin"}, {"status": "offline", "name": "zhouzhiyang"}, {"status": "offline", "name": "sunxu"}, {"status": "offline", "name": "zhangdongyang"}, {"status": "offline", "name": "liujun02"}, {"status": "offline", "name": "lichao"}, {"status": "offline", "name": "garrylin"}]
操作符号1
字符串长度是:58
986 2,223,23,None,[{"status": "online", "name": "lihao"}, {"status": "offline", "name": "yishipeng"}, {"status": "online", "name": "zhujunhua"}, {"status": "offline", "name": "admin"}, {"status": "offline", "name": "zhouzhiyang"}, {"status": "offline", "name": "sunxu"}, {"status": "offline", "name": "zhangdongyang"}, {"status": "offline", "name": "liujun02"}, {"status": "offline", "name": "lichao"}, {"status": "offline", "name": "garrylin"}]
986<split>23057ec47f8a21bc7f0337179d31cf2b<split>2,223,23,None,[{"status": "online", "name": "lihao"}, {"status": "offline", "name": "yishipeng"}, {"status": "online", "name": "zhujunhua"}, {"status": "offline", "name": "admin"}, {"status": "offline", "name": "zhouzhiyang"}, {"status": "offline", "name": "sunxu"}, {"status": "offline", "name": "zhangdongyang"}, {"status": "offline", "name": "liujun02"}, {"status": "offline", "name": "lichao"}, {"status": "offline", "name": "garrylin"}]
操作符号1
字符串长度是:58
961 2,223,23,None,[{"status": "online", "name": "lihao"}, {"status": "offline", "name": "yishipeng"}, {"status": "online", "name": "zhujunhua"}, {"status": "offline", "name": "admin"}, {"status": "offline", "name": "zhouzhiyang"}, {"status": "offline", "name": "sunxu"}, {"status": "offline", "name": "zhangdongyang"}, {"status": "offline", "name": "liujun02"}, {"status": "offline", "name": "lichao"}, {"status": "offline", "name": "garrylin"}]
961<split>7cd38ee5a4f878471ee0a816e75ed471<split>2,223,23,None,[{"status": "online", "name": "lihao"}, {"status": "offline", "name": "yishipeng"}, {"status": "online", "name": "zhujunhua"}, {"status": "offline", "name": "admin"}, {"status": "offline", "name": "zhouzhiyang"}, {"status": "offline", "name": "sunxu"}, {"status": "offline", "name": "zhangdongyang"}, {"status": "offline", "name": "liujun02"}, {"status": "offline", "name": "lichao"}, {"status": "offline", "name": "garrylin"}]
操作符号1
字符串长度是:58
986 2,223,23,None,[{"status": "online", "name": "lihao"}, {"status": "offline", "name": "yishipeng"}, {"status": "online", "name": "zhujunhua"}, {"status": "offline", "name": "admin"}, {"status": "offline", "name": "zhouzhiyang"}, {"status": "offline", "name": "sunxu"}, {"status": "offline", "name": "zhangdongyang"}, {"status": "offline", "name": "liujun02"}, {"status": "offline", "name": "lichao"}, {"status": "offline", "name": "garrylin"}]
986<split>23057ec47f8a21bc7f0337179d31cf2b<split>2,223,23,None,[{"status": "online", "name": "lihao"}, {"status": "offline", "name": "yishipeng"}, {"status": "online", "name": "zhujunhua"}, {"status": "offline", "name": "admin"}, {"status": "offline", "name": "zhouzhiyang"}, {"status": "offline", "name": "sunxu"}, {"status": "offline", "name": "zhangdongyang"}, {"status": "offline", "name": "liujun02"}, {"status": "offline", "name": "lichao"}, {"status": "offline", "name": "garrylin"}]
操作符号1
字符串长度是:58
961 2,223,23,None,[{"status": "online", "name": "lihao"}, {"status": "offline", "name": "yishipeng"}, {"status": "online", "name": "zhujunhua"}, {"status": "offline", "name": "admin"}, {"status": "offline", "name": "zhouzhiyang"}, {"status": "offline", "name": "sunxu"}, {"status": "offline", "name": "zhangdongyang"}, {"status": "offline", "name": "liujun02"}, {"status": "offline", "name": "lichao"}, {"status": "offline", "name": "garrylin"}]
961<split>7cd38ee5a4f878471ee0a816e75ed471<split>2,223,23,None,[{"status": "online", "name": "lihao"}, {"status": "offline", "name": "yishipeng"}, {"status": "online", "name": "zhujunhua"}, {"status": "offline", "name": "admin"}, {"status": "offline", "name": "zhouzhiyang"}, {"status": "offline", "name": "sunxu"}, {"status": "offline", "name": "zhangdongyang"}, {"status": "offline", "name": "liujun02"}, {"status": "offline", "name": "lichao"}, {"status": "offline", "name": "garrylin"}]
操作符号1
字符串长度是:58
986 2,223,23,None,[{"status": "online", "name": "lihao"}, {"status": "offline", "name": "yishipeng"}, {"status": "online", "name": "zhujunhua"}, {"status": "offline", "name": "admin"}, {"status": "offline", "name": "zhouzhiyang"}, {"status": "offline", "name": "sunxu"}, {"status": "offline", "name": "zhangdongyang"}, {"status": "offline", "name": "liujun02"}, {"status": "offline", "name": "lichao"}, {"status": "offline", "name": "garrylin"}]
986<split>23057ec47f8a21bc7f0337179d31cf2b<split>2,223,23,None,[{"status": "online", "name": "lihao"}, {"status": "offline", "name": "yishipeng"}, {"status": "online", "name": "zhujunhua"}, {"status": "offline", "name": "admin"}, {"status": "offline", "name": "zhouzhiyang"}, {"status": "offline", "name": "sunxu"}, {"status": "offline", "name": "zhangdongyang"}, {"status": "offline", "name": "liujun02"}, {"status": "offline", "name": "lichao"}, {"status": "offline", "name": "garrylin"}]
操作符号1
字符串长度是:58
961 2,223,23,None,[{"status": "online", "name": "lihao"}, {"status": "offline", "name": "yishipeng"}, {"status": "online", "name": "zhujunhua"}, {"status": "offline", "name": "admin"}, {"status": "offline", "name": "zhouzhiyang"}, {"status": "offline", "name": "sunxu"}, {"status": "offline", "name": "zhangdongyang"}, {"status": "offline", "name": "liujun02"}, {"status": "offline", "name": "lichao"}, {"status": "offline", "name": "garrylin"}]
961<split>7cd38ee5a4f878471ee0a816e75ed471<split>2,223,23,None,[{"status": "online", "name": "lihao"}, {"status": "offline", "name": "yishipeng"}, {"status": "online", "name": "zhujunhua"}, {"status": "offline", "name": "admin"}, {"status": "offline", "name": "zhouzhiyang"}, {"status": "offline", "name": "sunxu"}, {"status": "offline", "name": "zhangdongyang"}, {"status": "offline", "name": "liujun02"}, {"status": "offline", "name": "lichao"}, {"status": "offline", "name": "garrylin"}]
操作符号1
字符串长度是:58
986 2,223,23,None,[{"status": "online", "name": "lihao"}, {"status": "offline", "name": "yishipeng"}, {"status": "online", "name": "zhujunhua"}, {"status": "offline", "name": "admin"}, {"status": "offline", "name": "zhouzhiyang"}, {"status": "offline", "name": "sunxu"}, {"status": "offline", "name": "zhangdongyang"}, {"status": "offline", "name": "liujun02"}, {"status": "offline", "name": "lichao"}, {"status": "offline", "name": "garrylin"}]
986<split>23057ec47f8a21bc7f0337179d31cf2b<split>2,223,23,None,[{"status": "online", "name": "lihao"}, {"status": "offline", "name": "yishipeng"}, {"status": "online", "name": "zhujunhua"}, {"status": "offline", "name": "admin"}, {"status": "offline", "name": "zhouzhiyang"}, {"status": "offline", "name": "sunxu"}, {"status": "offline", "name": "zhangdongyang"}, {"status": "offline", "name": "liujun02"}, {"status": "offline", "name": "lichao"}, {"status": "offline", "name": "garrylin"}]
操作符号1
字符串长度是:58
961 2,223,23,None,[{"status": "online", "name": "lihao"}, {"status": "offline", "name": "yishipeng"}, {"status": "online", "name": "zhujunhua"}, {"status": "offline", "name": "admin"}, {"status": "offline", "name": "zhouzhiyang"}, {"status": "offline", "name": "sunxu"}, {"status": "offline", "name": "zhangdongyang"}, {"status": "offline", "name": "liujun02"}, {"status": "offline", "name": "lichao"}, {"status": "offline", "name": "garrylin"}]
961<split>7cd38ee5a4f878471ee0a816e75ed471<split>2,223,23,None,[{"status": "online", "name": "lihao"}, {"status": "offline", "name": "yishipeng"}, {"status": "online", "name": "zhujunhua"}, {"status": "offline", "name": "admin"}, {"status": "offline", "name": "zhouzhiyang"}, {"status": "offline", "name": "sunxu"}, {"status": "offline", "name": "zhangdongyang"}, {"status": "offline", "name": "liujun02"}, {"status": "offline", "name": "lichao"}, {"status": "offline", "name": "garrylin"}]
操作符号1
字符串长度是:58
986 2,223,23,None,[{"status": "online", "name": "lihao"}, {"status": "offline", "name": "yishipeng"}, {"status": "online", "name": "zhujunhua"}, {"status": "offline", "name": "admin"}, {"status": "offline", "name": "zhouzhiyang"}, {"status": "offline", "name": "sunxu"}, {"status": "offline", "name": "zhangdongyang"}, {"status": "offline", "name": "liujun02"}, {"status": "offline", "name": "lichao"}, {"status": "offline", "name": "garrylin"}]
986<split>23057ec47f8a21bc7f0337179d31cf2b<split>2,223,23,None,[{"status": "online", "name": "lihao"}, {"status": "offline", "name": "yishipeng"}, {"status": "online", "name": "zhujunhua"}, {"status": "offline", "name": "admin"}, {"status": "offline", "name": "zhouzhiyang"}, {"status": "offline", "name": "sunxu"}, {"status": "offline", "name": "zhangdongyang"}, {"status": "offline", "name": "liujun02"}, {"status": "offline", "name": "lichao"}, {"status": "offline", "name": "garrylin"}]
操作符号1
字符串长度是:58
961 2,223,23,None,[{"status": "online", "name": "lihao"}, {"status": "offline", "name": "yishipeng"}, {"status": "online", "name": "zhujunhua"}, {"status": "offline", "name": "admin"}, {"status": "offline", "name": "zhouzhiyang"}, {"status": "offline", "name": "sunxu"}, {"status": "offline", "name": "zhangdongyang"}, {"status": "offline", "name": "liujun02"}, {"status": "offline", "name": "lichao"}, {"status": "offline", "name": "garrylin"}]
961<split>7cd38ee5a4f878471ee0a816e75ed471<split>2,223,23,None,[{"status": "online", "name": "lihao"}, {"status": "offline", "name": "yishipeng"}, {"status": "online", "name": "zhujunhua"}, {"status": "offline", "name": "admin"}, {"status": "offline", "name": "zhouzhiyang"}, {"status": "offline", "name": "sunxu"}, {"status": "offline", "name": "zhangdongyang"}, {"status": "offline", "name": "liujun02"}, {"status": "offline", "name": "lichao"}, {"status": "offline", "name": "garrylin"}]
操作符号1
字符串长度是:58
986 2,223,23,None,[{"status": "online", "name": "lihao"}, {"status": "offline", "name": "yishipeng"}, {"status": "online", "name": "zhujunhua"}, {"status": "offline", "name": "admin"}, {"status": "offline", "name": "zhouzhiyang"}, {"status": "offline", "name": "sunxu"}, {"status": "offline", "name": "zhangdongyang"}, {"status": "offline", "name": "liujun02"}, {"status": "offline", "name": "lichao"}, {"status": "offline", "name": "garrylin"}]
986<split>23057ec47f8a21bc7f0337179d31cf2b<split>2,223,23,None,[{"status": "online", "name": "lihao"}, {"status": "offline", "name": "yishipeng"}, {"status": "online", "name": "zhujunhua"}, {"status": "offline", "name": "admin"}, {"status": "offline", "name": "zhouzhiyang"}, {"status": "offline", "name": "sunxu"}, {"status": "offline", "name": "zhangdongyang"}, {"status": "offline", "name": "liujun02"}, {"status": "offline", "name": "lichao"}, {"status": "offline", "name": "garrylin"}]
操作符号1
字符串长度是:58
961 2,223,23,None,[{"status": "online", "name": "lihao"}, {"status": "offline", "name": "yishipeng"}, {"status": "online", "name": "zhujunhua"}, {"status": "offline", "name": "admin"}, {"status": "offline", "name": "zhouzhiyang"}, {"status": "offline", "name": "sunxu"}, {"status": "offline", "name": "zhangdongyang"}, {"status": "offline", "name": "liujun02"}, {"status": "offline", "name": "lichao"}, {"status": "offline", "name": "garrylin"}]
961<split>7cd38ee5a4f878471ee0a816e75ed471<split>2,223,23,None,[{"status": "online", "name": "lihao"}, {"status": "offline", "name": "yishipeng"}, {"status": "online", "name": "zhujunhua"}, {"status": "offline", "name": "admin"}, {"status": "offline", "name": "zhouzhiyang"}, {"status": "offline", "name": "sunxu"}, {"status": "offline", "name": "zhangdongyang"}, {"status": "offline", "name": "liujun02"}, {"status": "offline", "name": "lichao"}, {"status": "offline", "name": "garrylin"}]
操作符号1
字符串长度是:58
986 2,223,23,None,[{"status": "online", "name": "lihao"}, {"status": "offline", "name": "yishipeng"}, {"status": "online", "name": "zhujunhua"}, {"status": "offline", "name": "admin"}, {"status": "offline", "name": "zhouzhiyang"}, {"status": "offline", "name": "sunxu"}, {"status": "offline", "name": "zhangdongyang"}, {"status": "offline", "name": "liujun02"}, {"status": "offline", "name": "lichao"}, {"status": "offline", "name": "garrylin"}]
986<split>23057ec47f8a21bc7f0337179d31cf2b<split>2,223,23,None,[{"status": "online", "name": "lihao"}, {"status": "offline", "name": "yishipeng"}, {"status": "online", "name": "zhujunhua"}, {"status": "offline", "name": "admin"}, {"status": "offline", "name": "zhouzhiyang"}, {"status": "offline", "name": "sunxu"}, {"status": "offline", "name": "zhangdongyang"}, {"status": "offline", "name": "liujun02"}, {"status": "offline", "name": "lichao"}, {"status": "offline", "name": "garrylin"}]
操作符号1
字符串长度是:58
961 2,223,23,None,[{"status": "online", "name": "lihao"}, {"status": "offline", "name": "yishipeng"}, {"status": "online", "name": "zhujunhua"}, {"status": "offline", "name": "admin"}, {"status": "offline", "name": "zhouzhiyang"}, {"status": "offline", "name": "sunxu"}, {"status": "offline", "name": "zhangdongyang"}, {"status": "offline", "name": "liujun02"}, {"status": "offline", "name": "lichao"}, {"status": "offline", "name": "garrylin"}]
961<split>7cd38ee5a4f878471ee0a816e75ed471<split>2,223,23,None,[{"status": "online", "name": "lihao"}, {"status": "offline", "name": "yishipeng"}, {"status": "online", "name": "zhujunhua"}, {"status": "offline", "name": "admin"}, {"status": "offline", "name": "zhouzhiyang"}, {"status": "offline", "name": "sunxu"}, {"status": "offline", "name": "zhangdongyang"}, {"status": "offline", "name": "liujun02"}, {"status": "offline", "name": "lichao"}, {"status": "offline", "name": "garrylin"}]
操作符号1
字符串长度是:58
986 2,223,23,None,[{"status": "online", "name": "lihao"}, {"status": "offline", "name": "yishipeng"}, {"status": "online", "name": "zhujunhua"}, {"status": "offline", "name": "admin"}, {"status": "offline", "name": "zhouzhiyang"}, {"status": "offline", "name": "sunxu"}, {"status": "offline", "name": "zhangdongyang"}, {"status": "offline", "name": "liujun02"}, {"status": "offline", "name": "lichao"}, {"status": "offline", "name": "garrylin"}]
986<split>23057ec47f8a21bc7f0337179d31cf2b<split>2,223,23,None,[{"status": "online", "name": "lihao"}, {"status": "offline", "name": "yishipeng"}, {"status": "online", "name": "zhujunhua"}, {"status": "offline", "name": "admin"}, {"status": "offline", "name": "zhouzhiyang"}, {"status": "offline", "name": "sunxu"}, {"status": "offline", "name": "zhangdongyang"}, {"status": "offline", "name": "liujun02"}, {"status": "offline", "name": "lichao"}, {"status": "offline", "name": "garrylin"}]
操作符号1
字符串长度是:58
961 2,223,23,None,[{"status": "online", "name": "lihao"}, {"status": "offline", "name": "yishipeng"}, {"status": "online", "name": "zhujunhua"}, {"status": "offline", "name": "admin"}, {"status": "offline", "name": "zhouzhiyang"}, {"status": "offline", "name": "sunxu"}, {"status": "offline", "name": "zhangdongyang"}, {"status": "offline", "name": "liujun02"}, {"status": "offline", "name": "lichao"}, {"status": "offline", "name": "garrylin"}]
961<split>7cd38ee5a4f878471ee0a816e75ed471<split>2,223,23,None,[{"status": "online", "name": "lihao"}, {"status": "offline", "name": "yishipeng"}, {"status": "online", "name": "zhujunhua"}, {"status": "offline", "name": "admin"}, {"status": "offline", "name": "zhouzhiyang"}, {"status": "offline", "name": "sunxu"}, {"status": "offline", "name": "zhangdongyang"}, {"status": "offline", "name": "liujun02"}, {"status": "offline", "name": "lichao"}, {"status": "offline", "name": "garrylin"}]
操作符号1
字符串长度是:58
986 2,223,23,None,[{"status": "online", "name": "lihao"}, {"status": "offline", "name": "yishipeng"}, {"status": "online", "name": "zhujunhua"}, {"status": "offline", "name": "admin"}, {"status": "offline", "name": "zhouzhiyang"}, {"status": "offline", "name": "sunxu"}, {"status": "offline", "name": "zhangdongyang"}, {"status": "offline", "name": "liujun02"}, {"status": "offline", "name": "lichao"}, {"status": "offline", "name": "garrylin"}]
986<split>23057ec47f8a21bc7f0337179d31cf2b<split>2,223,23,None,[{"status": "online", "name": "lihao"}, {"status": "offline", "name": "yishipeng"}, {"status": "online", "name": "zhujunhua"}, {"status": "offline", "name": "admin"}, {"status": "offline", "name": "zhouzhiyang"}, {"status": "offline", "name": "sunxu"}, {"status": "offline", "name": "zhangdongyang"}, {"status": "offline", "name": "liujun02"}, {"status": "offline", "name": "lichao"}, {"status": "offline", "name": "garrylin"}]
操作符号1
字符串长度是:58
961 2,223,23,None,[{"status": "online", "name": "lihao"}, {"status": "offline", "name": "yishipeng"}, {"status": "online", "name": "zhujunhua"}, {"status": "offline", "name": "admin"}, {"status": "offline", "name": "zhouzhiyang"}, {"status": "offline", "name": "sunxu"}, {"status": "offline", "name": "zhangdongyang"}, {"status": "offline", "name": "liujun02"}, {"status": "offline", "name": "lichao"}, {"status": "offline", "name": "garrylin"}]
961<split>7cd38ee5a4f878471ee0a816e75ed471<split>2,223,23,None,[{"status": "online", "name": "lihao"}, {"status": "offline", "name": "yishipeng"}, {"status": "online", "name": "zhujunhua"}, {"status": "offline", "name": "admin"}, {"status": "offline", "name": "zhouzhiyang"}, {"status": "offline", "name": "sunxu"}, {"status": "offline", "name": "zhangdongyang"}, {"status": "offline", "name": "liujun02"}, {"status": "offline", "name": "lichao"}, {"status": "offline", "name": "garrylin"}]
操作符号1
字符串长度是:58
986 2,223,23,None,[{"status": "online", "name": "lihao"}, {"status": "offline", "name": "yishipeng"}, {"status": "online", "name": "zhujunhua"}, {"status": "offline", "name": "admin"}, {"status": "offline", "name": "zhouzhiyang"}, {"status": "offline", "name": "sunxu"}, {"status": "offline", "name": "zhangdongyang"}, {"status": "offline", "name": "liujun02"}, {"status": "offline", "name": "lichao"}, {"status": "offline", "name": "garrylin"}]
986<split>23057ec47f8a21bc7f0337179d31cf2b<split>2,223,23,None,[{"status": "online", "name": "lihao"}, {"status": "offline", "name": "yishipeng"}, {"status": "online", "name": "zhujunhua"}, {"status": "offline", "name": "admin"}, {"status": "offline", "name": "zhouzhiyang"}, {"status": "offline", "name": "sunxu"}, {"status": "offline", "name": "zhangdongyang"}, {"status": "offline", "name": "liujun02"}, {"status": "offline", "name": "lichao"}, {"status": "offline", "name": "garrylin"}]
操作符号1
字符串长度是:58
961 2,223,23,None,[{"status": "online", "name": "lihao"}, {"status": "offline", "name": "yishipeng"}, {"status": "online", "name": "zhujunhua"}, {"status": "offline", "name": "admin"}, {"status": "offline", "name": "zhouzhiyang"}, {"status": "offline", "name": "sunxu"}, {"status": "offline", "name": "zhangdongyang"}, {"status": "offline", "name": "liujun02"}, {"status": "offline", "name": "lichao"}, {"status": "offline", "name": "garrylin"}]
961<split>7cd38ee5a4f878471ee0a816e75ed471<split>2,223,23,None,[{"status": "online", "name": "lihao"}, {"status": "offline", "name": "yishipeng"}, {"status": "online", "name": "zhujunhua"}, {"status": "offline", "name": "admin"}, {"status": "offline", "name": "zhouzhiyang"}, {"status": "offline", "name": "sunxu"}, {"status": "offline", "name": "zhangdongyang"}, {"status": "offline", "name": "liujun02"}, {"status": "offline", "name": "lichao"}, {"status": "offline", "name": "garrylin"}]
操作符号1
字符串长度是:58
986 2,223,23,None,[{"status": "online", "name": "lihao"}, {"status": "offline", "name": "yishipeng"}, {"status": "online", "name": "zhujunhua"}, {"status": "offline", "name": "admin"}, {"status": "offline", "name": "zhouzhiyang"}, {"status": "offline", "name": "sunxu"}, {"status": "offline", "name": "zhangdongyang"}, {"status": "offline", "name": "liujun02"}, {"status": "offline", "name": "lichao"}, {"status": "offline", "name": "garrylin"}]
986<split>23057ec47f8a21bc7f0337179d31cf2b<split>2,223,23,None,[{"status": "online", "name": "lihao"}, {"status": "offline", "name": "yishipeng"}, {"status": "online", "name": "zhujunhua"}, {"status": "offline", "name": "admin"}, {"status": "offline", "name": "zhouzhiyang"}, {"status": "offline", "name": "sunxu"}, {"status": "offline", "name": "zhangdongyang"}, {"status": "offline", "name": "liujun02"}, {"status": "offline", "name": "lichao"}, {"status": "offline", "name": "garrylin"}]
操作符号1
字符串长度是:58
961 2,223,23,None,[{"status": "online", "name": "lihao"}, {"status": "offline", "name": "yishipeng"}, {"status": "online", "name": "zhujunhua"}, {"status": "offline", "name": "admin"}, {"status": "offline", "name": "zhouzhiyang"}, {"status": "offline", "name": "sunxu"}, {"status": "offline", "name": "zhangdongyang"}, {"status": "offline", "name": "liujun02"}, {"status": "offline", "name": "lichao"}, {"status": "offline", "name": "garrylin"}]
961<split>7cd38ee5a4f878471ee0a816e75ed471<split>2,223,23,None,[{"status": "online", "name": "lihao"}, {"status": "offline", "name": "yishipeng"}, {"status": "online", "name": "zhujunhua"}, {"status": "offline", "name": "admin"}, {"status": "offline", "name": "zhouzhiyang"}, {"status": "offline", "name": "sunxu"}, {"status": "offline", "name": "zhangdongyang"}, {"status": "offline", "name": "liujun02"}, {"status": "offline", "name": "lichao"}, {"status": "offline", "name": "garrylin"}]
操作符号1
字符串长度是:58
986 2,223,23,None,[{"status": "online", "name": "lihao"}, {"status": "offline", "name": "yishipeng"}, {"status": "online", "name": "zhujunhua"}, {"status": "offline", "name": "admin"}, {"status": "offline", "name": "zhouzhiyang"}, {"status": "offline", "name": "sunxu"}, {"status": "offline", "name": "zhangdongyang"}, {"status": "offline", "name": "liujun02"}, {"status": "offline", "name": "lichao"}, {"status": "offline", "name": "garrylin"}]
986<split>23057ec47f8a21bc7f0337179d31cf2b<split>2,223,23,None,[{"status": "online", "name": "lihao"}, {"status": "offline", "name": "yishipeng"}, {"status": "online", "name": "zhujunhua"}, {"status": "offline", "name": "admin"}, {"status": "offline", "name": "zhouzhiyang"}, {"status": "offline", "name": "sunxu"}, {"status": "offline", "name": "zhangdongyang"}, {"status": "offline", "name": "liujun02"}, {"status": "offline", "name": "lichao"}, {"status": "offline", "name": "garrylin"}]
操作符号1
字符串长度是:58
961 2,223,23,None,[{"status": "online", "name": "lihao"}, {"status": "offline", "name": "yishipeng"}, {"status": "online", "name": "zhujunhua"}, {"status": "offline", "name": "admin"}, {"status": "offline", "name": "zhouzhiyang"}, {"status": "offline", "name": "sunxu"}, {"status": "offline", "name": "zhangdongyang"}, {"status": "offline", "name": "liujun02"}, {"status": "offline", "name": "lichao"}, {"status": "offline", "name": "garrylin"}]
961<split>7cd38ee5a4f878471ee0a816e75ed471<split>2,223,23,None,[{"status": "online", "name": "lihao"}, {"status": "offline", "name": "yishipeng"}, {"status": "online", "name": "zhujunhua"}, {"status": "offline", "name": "admin"}, {"status": "offline", "name": "zhouzhiyang"}, {"status": "offline", "name": "sunxu"}, {"status": "offline", "name": "zhangdongyang"}, {"status": "offline", "name": "liujun02"}, {"status": "offline", "name": "lichao"}, {"status": "offline", "name": "garrylin"}]
操作符号1
字符串长度是:58
986 2,223,23,None,[{"status": "online", "name": "lihao"}, {"status": "offline", "name": "yishipeng"}, {"status": "online", "name": "zhujunhua"}, {"status": "offline", "name": "admin"}, {"status": "offline", "name": "zhouzhiyang"}, {"status": "offline", "name": "sunxu"}, {"status": "offline", "name": "zhangdongyang"}, {"status": "offline", "name": "liujun02"}, {"status": "offline", "name": "lichao"}, {"status": "offline", "name": "garrylin"}]
986<split>23057ec47f8a21bc7f0337179d31cf2b<split>2,223,23,None,[{"status": "online", "name": "lihao"}, {"status": "offline", "name": "yishipeng"}, {"status": "online", "name": "zhujunhua"}, {"status": "offline", "name": "admin"}, {"status": "offline", "name": "zhouzhiyang"}, {"status": "offline", "name": "sunxu"}, {"status": "offline", "name": "zhangdongyang"}, {"status": "offline", "name": "liujun02"}, {"status": "offline", "name": "lichao"}, {"status": "offline", "name": "garrylin"}]
操作符号1
字符串长度是:58
961 2,223,23,None,[{"status": "online", "name": "lihao"}, {"status": "offline", "name": "yishipeng"}, {"status": "online", "name": "zhujunhua"}, {"status": "offline", "name": "admin"}, {"status": "offline", "name": "zhouzhiyang"}, {"status": "offline", "name": "sunxu"}, {"status": "offline", "name": "zhangdongyang"}, {"status": "offline", "name": "liujun02"}, {"status": "offline", "name": "lichao"}, {"status": "offline", "name": "garrylin"}]
961<split>7cd38ee5a4f878471ee0a816e75ed471<split>2,223,23,None,[{"status": "online", "name": "lihao"}, {"status": "offline", "name": "yishipeng"}, {"status": "online", "name": "zhujunhua"}, {"status": "offline", "name": "admin"}, {"status": "offline", "name": "zhouzhiyang"}, {"status": "offline", "name": "sunxu"}, {"status": "offline", "name": "zhangdongyang"}, {"status": "offline", "name": "liujun02"}, {"status": "offline", "name": "lichao"}, {"status": "offline", "name": "garrylin"}]
操作符号1
字符串长度是:58
986 2,223,23,None,[{"status": "online", "name": "lihao"}, {"status": "offline", "name": "yishipeng"}, {"status": "online", "name": "zhujunhua"}, {"status": "offline", "name": "admin"}, {"status": "offline", "name": "zhouzhiyang"}, {"status": "offline", "name": "sunxu"}, {"status": "offline", "name": "zhangdongyang"}, {"status": "offline", "name": "liujun02"}, {"status": "offline", "name": "lichao"}, {"status": "offline", "name": "garrylin"}]
986<split>23057ec47f8a21bc7f0337179d31cf2b<split>2,223,23,None,[{"status": "online", "name": "lihao"}, {"status": "offline", "name": "yishipeng"}, {"status": "online", "name": "zhujunhua"}, {"status": "offline", "name": "admin"}, {"status": "offline", "name": "zhouzhiyang"}, {"status": "offline", "name": "sunxu"}, {"status": "offline", "name": "zhangdongyang"}, {"status": "offline", "name": "liujun02"}, {"status": "offline", "name": "lichao"}, {"status": "offline", "name": "garrylin"}]
操作符号1
字符串长度是:58
961 2,223,23,None,[{"status": "online", "name": "lihao"}, {"status": "offline", "name": "yishipeng"}, {"status": "online", "name": "zhujunhua"}, {"status": "offline", "name": "admin"}, {"status": "offline", "name": "zhouzhiyang"}, {"status": "offline", "name": "sunxu"}, {"status": "offline", "name": "zhangdongyang"}, {"status": "offline", "name": "liujun02"}, {"status": "offline", "name": "lichao"}, {"status": "offline", "name": "garrylin"}]
961<split>7cd38ee5a4f878471ee0a816e75ed471<split>2,223,23,None,[{"status": "online", "name": "lihao"}, {"status": "offline", "name": "yishipeng"}, {"status": "online", "name": "zhujunhua"}, {"status": "offline", "name": "admin"}, {"status": "offline", "name": "zhouzhiyang"}, {"status": "offline", "name": "sunxu"}, {"status": "offline", "name": "zhangdongyang"}, {"status": "offline", "name": "liujun02"}, {"status": "offline", "name": "lichao"}, {"status": "offline", "name": "garrylin"}]
操作符号1
字符串长度是:58
986 2,223,23,None,[{"status": "online", "name": "lihao"}, {"status": "offline", "name": "yishipeng"}, {"status": "online", "name": "zhujunhua"}, {"status": "offline", "name": "admin"}, {"status": "offline", "name": "zhouzhiyang"}, {"status": "offline", "name": "sunxu"}, {"status": "offline", "name": "zhangdongyang"}, {"status": "offline", "name": "liujun02"}, {"status": "offline", "name": "lichao"}, {"status": "offline", "name": "garrylin"}]
986<split>23057ec47f8a21bc7f0337179d31cf2b<split>2,223,23,None,[{"status": "online", "name": "lihao"}, {"status": "offline", "name": "yishipeng"}, {"status": "online", "name": "zhujunhua"}, {"status": "offline", "name": "admin"}, {"status": "offline", "name": "zhouzhiyang"}, {"status": "offline", "name": "sunxu"}, {"status": "offline", "name": "zhangdongyang"}, {"status": "offline", "name": "liujun02"}, {"status": "offline", "name": "lichao"}, {"status": "offline", "name": "garrylin"}]
操作符号1
字符串长度是:58
961 2,223,23,None,[{"status": "online", "name": "lihao"}, {"status": "offline", "name": "yishipeng"}, {"status": "online", "name": "zhujunhua"}, {"status": "offline", "name": "admin"}, {"status": "offline", "name": "zhouzhiyang"}, {"status": "offline", "name": "sunxu"}, {"status": "offline", "name": "zhangdongyang"}, {"status": "offline", "name": "liujun02"}, {"status": "offline", "name": "lichao"}, {"status": "offline", "name": "garrylin"}]
961<split>7cd38ee5a4f878471ee0a816e75ed471<split>2,223,23,None,[{"status": "online", "name": "lihao"}, {"status": "offline", "name": "yishipeng"}, {"status": "online", "name": "zhujunhua"}, {"status": "offline", "name": "admin"}, {"status": "offline", "name": "zhouzhiyang"}, {"status": "offline", "name": "sunxu"}, {"status": "offline", "name": "zhangdongyang"}, {"status": "offline", "name": "liujun02"}, {"status": "offline", "name": "lichao"}, {"status": "offline", "name": "garrylin"}]
操作符号1
字符串长度是:58
961 2,223,23,None,[{"status": "online", "name": "lihao"}, {"status": "offline", "name": "yishipeng"}, {"status": "online", "name": "zhujunhua"}, {"status": "offline", "name": "admin"}, {"status": "offline", "name": "zhouzhiyang"}, {"status": "offline", "name": "sunxu"}, {"status": "offline", "name": "zhangdongyang"}, {"status": "offline", "name": "liujun02"}, {"status": "offline", "name": "lichao"}, {"status": "offline", "name": "garrylin"}]
961<split>7cd38ee5a4f878471ee0a816e75ed471<split>2,223,23,None,[{"status": "online", "name": "lihao"}, {"status": "offline握手
GET /backcall HTTP/1.1
Host: 172.24.147.240:8081
Connection: Upgrade
Pragma: no-cache
Cache-Control: no-cache
Upgrade: websocket
Origin: http://172.24.147.240:8000
Sec-WebSocket-Version: 13
User-Agent: Mozilla/5.0 (Windows NT 6.1; WOW64) AppleWebKit/537.36 (KHTML, like Gecko) Chrome/56.0.2924.87 Safari/537.36
Accept-Encoding: gzip, deflate, sdch
Accept-Language: zh-CN,zh;q=0.8
Cookie: OUTFOX_SEARCH_USER_ID_NCOO=1642925396.660515; csrftoken=32DwrR7e6vjR5pzuhdsrxC7FUaN0JOAd; sessionid=jlrioz50820ogme6umeg38v8c6jfpxjl
Sec-WebSocket-Key: 7YpPWCYG1eGrSti66Y443w==
Sec-WebSocket-Extensions: permessage-deflate; client_max_window_bits


1<split>bf08cfcfb17085dbeac8f126d69fe49a<split>SETUID
握手成功
操作符号1
字符串长度是:56
1 2,223,24,None,[{"status": "online", "name": "lihao"}, {"status": "offline", "name": "yishipeng"}, {"status": "online", "name": "zhujunhua"}, {"status": "offline", "name": "admin"}, {"status": "offline", "name": "zhouzhiyang"}, {"status": "offline", "name": "sunxu"}, {"status": "offline", "name": "zhangdongyang"}, {"status": "offline", "name": "liujun02"}, {"status": "offline", "name": "lichao"}, {"status": "offline", "name": "garrylin"}]
1<split>bf08cfcfb17085dbeac8f126d69fe49a<split>2,223,24,None,[{"status": "online", "name": "lihao"}, {"status": "offline", "name": "yishipeng"}, {"status": "online", "name": "zhujunhua"}, {"status": "offline", "name": "admin"}, {"status": "offline", "name": "zhouzhiyang"}, {"status": "offline", "name": "sunxu"}, {"status": "offline", "name": "zhangdongyang"}, {"status": "offline", "name": "liujun02"}, {"status": "offline", "name": "lichao"}, {"status": "offline", "name": "garrylin"}]
操作符号1
字符串长度是:56
1 2,223,24,None,[{"status": "online", "name": "lihao"}, {"status": "offline", "name": "yishipeng"}, {"status": "online", "name": "zhujunhua"}, {"status": "offline", "name": "admin"}, {"status": "offline", "name": "zhouzhiyang"}, {"status": "offline", "name": "sunxu"}, {"status": "offline", "name": "zhangdongyang"}, {"status": "offline", "name": "liujun02"}, {"status": "offline", "name": "lichao"}, {"status": "offline", "name": "garrylin"}]
1<split>bf08cfcfb17085dbeac8f126d69fe49a<split>2,223,24,None,[{"status": "online", "name": "lihao"}, {"status": "offline", "name": "yishipeng"}, {"status": "online", "name": "zhujunhua"}, {"status": "offline", "name": "admin"}, {"status": "offline", "name": "zhouzhiyang"}, {"status": "offline", "name": "sunxu"}, {"status": "offline", "name": "zhangdongyang"}, {"status": "offline", "name": "liujun02"}, {"status": "offline", "name": "lichao"}, {"status": "offline", "name": "garrylin"}]
操作符号1
字符串长度是:56
1 2,223,24,None,[{"status": "online", "name": "lihao"}, {"status": "offline", "name": "yishipeng"}, {"status": "online", "name": "zhujunhua"}, {"status": "offline", "name": "admin"}, {"status": "offline", "name": "zhouzhiyang"}, {"status": "offline", "name": "sunxu"}, {"status": "offline", "name": "zhangdongyang"}, {"status": "offline", "name": "liujun02"}, {"status": "offline", "name": "lichao"}, {"status": "offline", "name": "garrylin"}]
1<split>bf08cfcfb17085dbeac8f126d69fe49a<split>2,223,24,None,[{"status": "online", "name": "lihao"}, {"status": "offline", "name": "yishipeng"}, {"status": "online", "name": "zhujunhua"}, {"status": "offline", "name": "admin"}, {"status": "offline", "name": "zhouzhiyang"}, {"status": "offline", "name": "sunxu"}, {"status": "offline", "name": "zhangdongyang"}, {"status": "offline", "name": "liujun02"}, {"status": "offline", "name": "lichao"}, {"status": "offline", "name": "garrylin"}]
操作符号1
字符串长度是:56
1 2,223,24,None,[{"status": "online", "name": "lihao"}, {"status": "offline", "name": "yishipeng"}, {"status": "online", "name": "zhujunhua"}, {"status": "offline", "name": "admin"}, {"status": "offline", "name": "zhouzhiyang"}, {"status": "offline", "name": "sunxu"}, {"status": "offline", "name": "zhangdongyang"}, {"status": "offline", "name": "liujun02"}, {"status": "offline", "name": "lichao"}, {"status": "offline", "name": "garrylin"}]
1<split>bf08cfcfb17085dbeac8f126d69fe49a<split>2,223,24,None,[{"status": "online", "name": "lihao"}, {"status": "offline", "name": "yishipeng"}, {"status": "online", "name": "zhujunhua"}, {"status": "offline", "name": "admin"}, {"status": "offline", "name": "zhouzhiyang"}, {"status": "offline", "name": "sunxu"}, {"status": "offline", "name": "zhangdongyang"}, {"status": "offline", "name": "liujun02"}, {"status": "offline", "name": "lichao"}, {"status": "offline", "name": "garrylin"}]
操作符号1
字符串长度是:56
1 2,223,24,None,[{"status": "online", "name": "lihao"}, {"status": "offline", "name": "yishipeng"}, {"status": "online", "name": "zhujunhua"}, {"status": "offline", "name": "admin"}, {"status": "offline", "name": "zhouzhiyang"}, {"status": "offline", "name": "sunxu"}, {"status": "offline", "name": "zhangdongyang"}, {"status": "offline", "name": "liujun02"}, {"status": "offline", "name": "lichao"}, {"status": "offline", "name": "garrylin"}]
1<split>bf08cfcfb17085dbeac8f126d69fe49a<split>2,223,24,None,[{"status": "online", "name": "lihao"}, {"status": "offline", "name": "yishipeng"}, {"status": "online", "name": "zhujunhua"}, {"status": "offline", "name": "admin"}, {"status": "offline", "name": "zhouzhiyang"}, {"status": "offline", "name": "sunxu"}, {"status": "offline", "name": "zhangdongyang"}, {"status": "offline", "name": "liujun02"}, {"status": "offline", "name": "lichao"}, {"status": "offline", "name": "garrylin"}]
操作符号1
字符串长度是:56
1 2,223,24,None,[{"status": "online", "name": "lihao"}, {"status": "offline", "name": "yishipeng"}, {"status": "online", "name": "zhujunhua"}, {"status": "offline", "name": "admin"}, {"status": "offline", "name": "zhouzhiyang"}, {"status": "offline", "name": "sunxu"}, {"status": "offline", "name": "zhangdongyang"}, {"status": "offline", "name": "liujun02"}, {"status": "offline", "name": "lichao"}, {"status": "offline", "name": "garrylin"}]
1<split>bf08cfcfb17085dbeac8f126d69fe49a<split>2,223,24,None,[{"status": "online", "name": "lihao"}, {"status": "offline", "name": "yishipeng"}, {"status": "online", "name": "zhujunhua"}, {"status": "offline", "name": "admin"}, {"status": "offline", "name": "zhouzhiyang"}, {"status": "offline", "name": "sunxu"}, {"status": "offline", "name": "zhangdongyang"}, {"status": "offline", "name": "liujun02"}, {"status": "offline", "name": "lichao"}, {"status": "offline", "name": "garrylin"}]
操作符号1
字符串长度是:56
1 2,223,24,None,[{"status": "online", "name": "lihao"}, {"status": "offline", "name": "yishipeng"}, {"status": "online", "name": "zhujunhua"}, {"status": "offline", "name": "admin"}, {"status": "offline", "name": "zhouzhiyang"}, {"status": "offline", "name": "sunxu"}, {"status": "offline", "name": "zhangdongyang"}, {"status": "offline", "name": "liujun02"}, {"status": "offline", "name": "lichao"}, {"status": "offline", "name": "garrylin"}]
1<split>bf08cfcfb17085dbeac8f126d69fe49a<split>2,223,24,None,[{"status": "online", "name": "lihao"}, {"status": "offline", "name": "yishipeng"}, {"status": "online", "name": "zhujunhua"}, {"status": "offline", "name": "admin"}, {"status": "offline", "name": "zhouzhiyang"}, {"status": "offline", "name": "sunxu"}, {"status": "offline", "name": "zhangdongyang"}, {"status": "offline", "name": "liujun02"}, {"status": "offline", "name": "lichao"}, {"status": "offline", "name": "garrylin"}]
操作符号1
字符串长度是:56
1 2,223,24,None,[{"status": "online", "name": "lihao"}, {"status": "offline", "name": "yishipeng"}, {"status": "online", "name": "zhujunhua"}, {"status": "offline", "name": "admin"}, {"status": "offline", "name": "zhouzhiyang"}, {"status": "offline", "name": "sunxu"}, {"status": "offline", "name": "zhangdongyang"}, {"status": "offline", "name": "liujun02"}, {"status": "offline", "name": "lichao"}, {"status": "offline", "name": "garrylin"}]
1<split>bf08cfcfb17085dbeac8f126d69fe49a<split>2,223,24,None,[{"status": "online", "name": "lihao"}, {"status": "offline", "name": "yishipeng"}, {"status": "online", "name": "zhujunhua"}, {"status": "offline", "name": "admin"}, {"status": "offline", "name": "zhouzhiyang"}, {"status": "offline", "name": "sunxu"}, {"status": "offline", "name": "zhangdongyang"}, {"status": "offline", "name": "liujun02"}, {"status": "offline", "name": "lichao"}, {"status": "offline", "name": "garrylin"}]
操作符号1
字符串长度是:56
1 2,223,24,None,[{"status": "online", "name": "lihao"}, {"status": "offline", "name": "yishipeng"}, {"status": "online", "name": "zhujunhua"}, {"status": "offline", "name": "admin"}, {"status": "offline", "name": "zhouzhiyang"}, {"status": "offline", "name": "sunxu"}, {"status": "offline", "name": "zhangdongyang"}, {"status": "offline", "name": "liujun02"}, {"status": "offline", "name": "lichao"}, {"status": "offline", "name": "garrylin"}]
1<split>bf08cfcfb17085dbeac8f126d69fe49a<split>2,223,24,None,[{"status": "online", "name": "lihao"}, {"status": "offline", "name": "yishipeng"}, {"status": "online", "name": "zhujunhua"}, {"status": "offline", "name": "admin"}, {"status": "offline", "name": "zhouzhiyang"}, {"status": "offline", "name": "sunxu"}, {"status": "offline", "name": "zhangdongyang"}, {"status": "offline", "name": "liujun02"}, {"status": "offline", "name": "lichao"}, {"status": "offline", "name": "garrylin"}]
操作符号1
字符串长度是:56
1 2,223,24,None,[{"status": "online", "name": "lihao"}, {"status": "offline", "name": "yishipeng"}, {"status": "online", "name": "zhujunhua"}, {"status": "offline", "name": "admin"}, {"status": "offline", "name": "zhouzhiyang"}, {"status": "offline", "name": "sunxu"}, {"status": "offline", "name": "zhangdongyang"}, {"status": "offline", "name": "liujun02"}, {"status": "offline", "name": "lichao"}, {"status": "offline", "name": "garrylin"}]
1<split>bf08cfcfb17085dbeac8f126d69fe49a<split>2,223,24,None,[{"status": "online", "name": "lihao"}, {"status": "offline", "name": "yishipeng"}, {"status": "online", "name": "zhujunhua"}, {"status": "offline", "name": "admin"}, {"status": "offline", "name": "zhouzhiyang"}, {"status": "offline", "name": "sunxu"}, {"status": "offline", "name": "zhangdongyang"}, {"status": "offline", "name": "liujun02"}, {"status": "offline", "name": "lichao"}, {"status": "offline", "name": "garrylin"}]
操作符号1
字符串长度是:56
1 2,223,24,None,[{"status": "online", "name": "lihao"}, {"status": "offline", "name": "yishipeng"}, {"status": "online", "name": "zhujunhua"}, {"status": "offline", "name": "admin"}, {"status": "offline", "name": "zhouzhiyang"}, {"status": "offline", "name": "sunxu"}, {"status": "offline", "name": "zhangdongyang"}, {"status": "offline", "name": "liujun02"}, {"status": "offline", "name": "lichao"}, {"status": "offline", "name": "garrylin"}]
1<split>bf08cfcfb17085dbeac8f126d69fe49a<split>2,223,24,None,[{"status": "online", "name": "lihao"}, {"status": "offline", "name": "yishipeng"}, {"status": "online", "name": "zhujunhua"}, {"status": "offline", "name": "admin"}, {"status": "offline", "name": "zhouzhiyang"}, {"status": "offline", "name": "sunxu"}, {"status": "offline", "name": "zhangdongyang"}, {"status": "offline", "name": "liujun02"}, {"status": "offline", "name": "lichao"}, {"status": "offline", "name": "garrylin"}]
操作符号1
字符串长度是:56
1 2,223,24,None,[{"status": "online", "name": "lihao"}, {"status": "offline", "name": "yishipeng"}, {"status": "online", "name": "zhujunhua"}, {"status": "offline", "name": "admin"}, {"status": "offline", "name": "zhouzhiyang"}, {"status": "offline", "name": "sunxu"}, {"status": "offline", "name": "zhangdongyang"}, {"status": "offline", "name": "liujun02"}, {"status": "offline", "name": "lichao"}, {"status": "offline", "name": "garrylin"}]
1<split>bf08cfcfb17085dbeac8f126d69fe49a<split>2,223,24,None,[{"status": "online", "name": "lihao"}, {"status": "offline", "name": "yishipeng"}, {"status": "online", "name": "zhujunhua"}, {"status": "offline", "name": "admin"}, {"status": "offline", "name": "zhouzhiyang"}, {"status": "offline", "name": "sunxu"}, {"status": "offline", "name": "zhangdongyang"}, {"status": "offline", "name": "liujun02"}, {"status": "offline", "name": "lichao"}, {"status": "offline", "name": "garrylin"}]
操作符号1
字符串长度是:56
1 2,223,24,None,[{"status": "online", "name": "lihao"}, {"status": "offline", "name": "yishipeng"}, {"status": "online", "name": "zhujunhua"}, {"status": "offline", "name": "admin"}, {"status": "offline", "name": "zhouzhiyang"}, {"status": "offline", "name": "sunxu"}, {"status": "offline", "name": "zhangdongyang"}, {"status": "offline", "name": "liujun02"}, {"status": "offline", "name": "lichao"}, {"status": "offline", "name": "garrylin"}]
1<split>bf08cfcfb17085dbeac8f126d69fe49a<split>2,223,24,None,[{"status": "online", "name": "lihao"}, {"status": "offline", "name": "yishipeng"}, {"status": "online", "name": "zhujunhua"}, {"status": "offline", "name": "admin"}, {"status": "offline", "name": "zhouzhiyang"}, {"status": "offline", "name": "sunxu"}, {"status": "offline", "name": "zhangdongyang"}, {"status": "offline", "name": "liujun02"}, {"status": "offline", "name": "lichao"}, {"status": "offline", "name": "garrylin"}]
操作符号1
字符串长度是:56
1 2,223,24,None,[{"status": "online", "name": "lihao"}, {"status": "offline", "name": "yishipeng"}, {"status": "online", "name": "zhujunhua"}, {"status": "offline", "name": "admin"}, {"status": "offline", "name": "zhouzhiyang"}, {"status": "offline", "name": "sunxu"}, {"status": "offline", "name": "zhangdongyang"}, {"status": "offline", "name": "liujun02"}, {"status": "offline", "name": "lichao"}, {"status": "offline", "name": "garrylin"}]
1<split>bf08cfcfb17085dbeac8f126d69fe49a<split>2,223,24,None,[{"status": "online", "name": "lihao"}, {"status": "offline", "name": "yishipeng"}, {"status": "online", "name": "zhujunhua"}, {"status": "offline", "name": "admin"}, {"status": "offline", "name": "zhouzhiyang"}, {"status": "offline", "name": "sunxu"}, {"status": "offline", "name": "zhangdongyang"}, {"status": "offline", "name": "liujun02"}, {"status": "offline", "name": "lichao"}, {"status": "offline", "name": "garrylin"}]
操作符号1
字符串长度是:56
1 2,223,24,None,[{"status": "online", "name": "lihao"}, {"status": "offline", "name": "yishipeng"}, {"status": "online", "name": "zhujunhua"}, {"status": "offline", "name": "admin"}, {"status": "offline", "name": "zhouzhiyang"}, {"status": "offline", "name": "sunxu"}, {"status": "offline", "name": "zhangdongyang"}, {"status": "offline", "name": "liujun02"}, {"status": "offline", "name": "lichao"}, {"status": "offline", "name": "garrylin"}]
1<split>bf08cfcfb17085dbeac8f126d69fe49a<split>2,223,24,None,[{"status": "online", "name": "lihao"}, {"status": "offline", "name": "yishipeng"}, {"status": "online", "name": "zhujunhua"}, {"status": "offline", "name": "admin"}, {"status": "offline", "name": "zhouzhiyang"}, {"status": "offline", "name": "sunxu"}, {"status": "offline", "name": "zhangdongyang"}, {"status": "offline", "name": "liujun02"}, {"status": "offline", "name": "lichao"}, {"status": "offline", "name": "garrylin"}]
操作符号1
字符串长度是:56
1 2,223,24,None,[{"status": "online", "name": "lihao"}, {"status": "offline", "name": "yishipeng"}, {"status": "online", "name": "zhujunhua"}, {"status": "offline", "name": "admin"}, {"status": "offline", "name": "zhouzhiyang"}, {"status": "offline", "name": "sunxu"}, {"status": "offline", "name": "zhangdongyang"}, {"status": "offline", "name": "liujun02"}, {"status": "offline", "name": "lichao"}, {"status": "offline", "name": "garrylin"}]
1<split>bf08cfcfb17085dbeac8f126d69fe49a<split>2,223,24,None,[{"status": "online", "name": "lihao"}, {"status": "offline", "name": "yishipeng"}, {"status": "online", "name": "zhujunhua"}, {"status": "offline", "name": "admin"}, {"status": "offline", "name": "zhouzhiyang"}, {"status": "offline", "name": "sunxu"}, {"status": "offline", "name": "zhangdongyang"}, {"status": "offline", "name": "liujun02"}, {"status": "offline", "name": "lichao"}, {"status": "offline", "name": "garrylin"}]
操作符号1
字符串长度是:56
1 2,223,24,None,[{"status": "online", "name": "lihao"}, {"status": "offline", "name": "yishipeng"}, {"status": "online", "name": "zhujunhua"}, {"status": "offline", "name": "admin"}, {"status": "offline", "name": "zhouzhiyang"}, {"status": "offline", "name": "sunxu"}, {"status": "offline", "name": "zhangdongyang"}, {"status": "offline", "name": "liujun02"}, {"status": "offline", "name": "lichao"}, {"status": "offline", "name": "garrylin"}]
1<split>bf08cfcfb17085dbeac8f126d69fe49a<split>2,223,24,None,[{"status": "online", "name": "lihao"}, {"status": "offline", "name": "yishipeng"}, {"status": "online", "name": "zhujunhua"}, {"status": "offline", "name": "admin"}, {"status": "offline", "name": "zhouzhiyang"}, {"status": "offline", "name": "sunxu"}, {"status": "offline", "name": "zhangdongyang"}, {"status": "offline", "name": "liujun02"}, {"status": "offline", "name": "lichao"}, {"status": "offline", "name": "garrylin"}]
操作符号1
字符串长度是:56
1 2,223,24,None,[{"status": "online", "name": "lihao"}, {"status": "offline", "name": "yishipeng"}, {"status": "online", "name": "zhujunhua"}, {"status": "offline", "name": "admin"}, {"status": "offline", "name": "zhouzhiyang"}, {"status": "offline", "name": "sunxu"}, {"status": "offline", "name": "zhangdongyang"}, {"status": "offline", "name": "liujun02"}, {"status": "offline", "name": "lichao"}, {"status": "offline", "name": "garrylin"}]
1<split>bf08cfcfb17085dbeac8f126d69fe49a<split>2,223,24,None,[{"status": "online", "name": "lihao"}, {"status": "offline", "name": "yishipeng"}, {"status": "online", "name": "zhujunhua"}, {"status": "offline", "name": "admin"}, {"status": "offline", "name": "zhouzhiyang"}, {"status": "offline", "name": "sunxu"}, {"status": "offline", "name": "zhangdongyang"}, {"status": "offline", "name": "liujun02"}, {"status": "offline", "name": "lichao"}, {"status": "offline", "name": "garrylin"}]
操作符号1
字符串长度是:56
1 2,223,24,None,[{"status": "online", "name": "lihao"}, {"status": "offline", "name": "yishipeng"}, {"status": "online", "name": "zhujunhua"}, {"status": "offline", "name": "admin"}, {"status": "offline", "name": "zhouzhiyang"}, {"status": "offline", "name": "sunxu"}, {"status": "offline", "name": "zhangdongyang"}, {"status": "offline", "name": "liujun02"}, {"status": "offline", "name": "lichao"}, {"status": "offline", "name": "garrylin"}]
1<split>bf08cfcfb17085dbeac8f126d69fe49a<split>2,223,24,None,[{"status": "online", "name": "lihao"}, {"status": "offline", "name": "yishipeng"}, {"status": "online", "name": "zhujunhua"}, {"status": "offline", "name": "admin"}, {"status": "offline", "name": "zhouzhiyang"}, {"status": "offline", "name": "sunxu"}, {"status": "offline", "name": "zhangdongyang"}, {"status": "offline", "name": "liujun02"}, {"status": "offline", "name": "lichao"}, {"status": "offline", "name": "garrylin"}]
操作符号1
字符串长度是:56
1 2,223,24,None,[{"status": "online", "name": "lihao"}, {"status": "offline", "name": "yishipeng"}, {"status": "online", "name": "zhujunhua"}, {"status": "offline", "name": "admin"}, {"status": "offline", "name": "zhouzhiyang"}, {"status": "offline", "name": "sunxu"}, {"status": "offline", "name": "zhangdongyang"}, {"status": "offline", "name": "liujun02"}, {"status": "offline", "name": "lichao"}, {"status": "offline", "name": "garrylin"}]
1<split>bf08cfcfb17085dbeac8f126d69fe49a<split>2,223,24,None,[{"status": "online", "name": "lihao"}, {"status": "offline", "name": "yishipeng"}, {"status": "online", "name": "zhujunhua"}, {"status": "offline", "name": "admin"}, {"status": "offline", "name": "zhouzhiyang"}, {"status": "offline", "name": "sunxu"}, {"status": "offline", "name": "zhangdongyang"}, {"status": "offline", "name": "liujun02"}, {"status": "offline", "name": "lichao"}, {"status": "offline", "name": "garrylin"}]
操作符号1
字符串长度是:56
1 2,223,24,None,[{"status": "online", "name": "lihao"}, {"status": "offline", "name": "yishipeng"}, {"status": "online", "name": "zhujunhua"}, {"status": "offline", "name": "admin"}, {"status": "offline", "name": "zhouzhiyang"}, {"status": "offline", "name": "sunxu"}, {"status": "offline", "name": "zhangdongyang"}, {"status": "offline", "name": "liujun02"}, {"status": "offline", "name": "lichao"}, {"status": "offline", "name": "garrylin"}]
1<split>bf08cfcfb17085dbeac8f126d69fe49a<split>2,223,24,None,[{"status": "online", "name": "lihao"}, {"status": "offline", "name": "yishipeng"}, {"status": "online", "name": "zhujunhua"}, {"status": "offline", "name": "admin"}, {"status": "offline", "name": "zhouzhiyang"}, {"status": "offline", "name": "sunxu"}, {"status": "offline", "name": "zhangdongyang"}, {"status": "offline", "name": "liujun02"}, {"status": "offline", "name": "lichao"}, {"status": "offline", "name": "garrylin"}]
操作符号1
字符串长度是:56
1 2,223,24,None,[{"status": "online", "name": "lihao"}, {"status": "offline", "name": "yishipeng"}, {"status": "online", "name": "zhujunhua"}, {"status": "offline", "name": "admin"}, {"status": "offline", "name": "zhouzhiyang"}, {"status": "offline", "name": "sunxu"}, {"status": "offline", "name": "zhangdongyang"}, {"status": "offline", "name": "liujun02"}, {"status": "offline", "name": "lichao"}, {"status": "offline", "name": "garrylin"}]
1<split>bf08cfcfb17085dbeac8f126d69fe49a<split>2,223,24,None,[{"status": "online", "name": "lihao"}, {"status": "offline", "name": "yishipeng"}, {"status": "online", "name": "zhujunhua"}, {"status": "offline", "name": "admin"}, {"status": "offline", "name": "zhouzhiyang"}, {"status": "offline", "name": "sunxu"}, {"status": "offline", "name": "zhangdongyang"}, {"status": "offline", "name": "liujun02"}, {"status": "offline", "name": "lichao"}, {"status": "offline", "name": "garrylin"}]
操作符号1
字符串长度是:56
1 2,223,24,None,[{"status": "online", "name": "lihao"}, {"status": "offline", "name": "yishipeng"}, {"status": "online", "name": "zhujunhua"}, {"status": "offline", "name": "admin"}, {"status": "offline", "name": "zhouzhiyang"}, {"status": "offline", "name": "sunxu"}, {"status": "offline", "name": "zhangdongyang"}, {"status": "offline", "name": "liujun02"}, {"status": "offline", "name": "lichao"}, {"status": "offline", "name": "garrylin"}]
1<split>bf08cfcfb17085dbeac8f126d69fe49a<split>2,223,24,None,[{"status": "online", "name": "lihao"}, {"status": "offline", "name": "yishipeng"}, {"status": "online", "name": "zhujunhua"}, {"status": "offline", "name": "admin"}, {"status": "offline", "name": "zhouzhiyang"}, {"status": "offline", "name": "sunxu"}, {"status": "offline", "name": "zhangdongyang"}, {"status": "offline", "name": "liujun02"}, {"status": "offline", "name": "lichao"}, {"status": "offline", "name": "garrylin"}]
操作符号1
字符串长度是:56
1 2,223,24,None,[{"status": "online", "name": "lihao"}, {"status": "offline", "name": "yishipeng"}, {"status": "online", "name": "zhujunhua"}, {"status": "offline", "name": "admin"}, {"status": "offline", "name": "zhouzhiyang"}, {"status": "offline", "name": "sunxu"}, {"status": "offline", "name": "zhangdongyang"}, {"status": "offline", "name": "liujun02"}, {"status": "offline", "name": "lichao"}, {"status": "offline", "name": "garrylin"}]
1<split>bf08cfcfb17085dbeac8f126d69fe49a<split>2,223,24,None,[{"status": "online", "name": "lihao"}, {"status": "offline", "name": "yishipeng"}, {"status": "online", "name": "zhujunhua"}, {"status": "offline", "name": "admin"}, {"status": "offline", "name": "zhouzhiyang"}, {"status": "offline", "name": "sunxu"}, {"status": "offline", "name": "zhangdongyang"}, {"status": "offline", "name": "liujun02"}, {"status": "offline", "name": "lichao"}, {"status": "offline", "name": "garrylin"}]
操作符号1
字符串长度是:56
1 2,223,24,None,[{"status": "online", "name": "lihao"}, {"status": "offline", "name": "yishipeng"}, {"status": "online", "name": "zhujunhua"}, {"status": "offline", "name": "admin"}, {"status": "offline", "name": "zhouzhiyang"}, {"status": "offline", "name": "sunxu"}, {"status": "offline", "name": "zhangdongyang"}, {"status": "offline", "name": "liujun02"}, {"status": "offline", "name": "lichao"}, {"status": "offline", "name": "garrylin"}]
1<split>bf08cfcfb17085dbeac8f126d69fe49a<split>2,223,24,None,[{"status": "online", "name": "lihao"}, {"status": "offline", "name": "yishipeng"}, {"status": "online", "name": "zhujunhua"}, {"status": "offline", "name": "admin"}, {"status": "offline", "name": "zhouzhiyang"}, {"status": "offline", "name": "sunxu"}, {"status": "offline", "name": "zhangdongyang"}, {"status": "offline", "name": "liujun02"}, {"status": "offline", "name": "lichao"}, {"status": "offline", "name": "garrylin"}]
操作符号1
字符串长度是:56
1 2,223,24,None,[{"status": "online", "name": "lihao"}, {"status": "offline", "name": "yishipeng"}, {"status": "online", "name": "zhujunhua"}, {"status": "offline", "name": "admin"}, {"status": "offline", "name": "zhouzhiyang"}, {"status": "offline", "name": "sunxu"}, {"status": "offline", "name": "zhangdongyang"}, {"status": "offline", "name": "liujun02"}, {"status": "offline", "name": "lichao"}, {"status": "offline", "name": "garrylin"}]
1<split>bf08cfcfb17085dbeac8f126d69fe49a<split>2,223,24,None,[{"status": "online", "name": "lihao"}, {"status": "offline", "name": "yishipeng"}, {"status": "online", "name": "zhujunhua"}, {"status": "offline", "name": "admin"}, {"status": "offline", "name": "zhouzhiyang"}, {"status": "offline", "name": "sunxu"}, {"status": "offline", "name": "zhangdongyang"}, {"status": "offline", "name": "liujun02"}, {"status": "offline", "name": "lichao"}, {"status": "offline", "name": "garrylin"}]
操作符号1
字符串长度是:56
1 2,223,24,None,[{"status": "online", "name": "lihao"}, {"status": "offline", "name": "yishipeng"}, {"status": "online", "name": "zhujunhua"}, {"status": "offline", "name": "admin"}, {"status": "offline", "name": "zhouzhiyang"}, {"status": "offline", "name": "sunxu"}, {"status": "offline", "name": "zhangdongyang"}, {"status": "offline", "name": "liujun02"}, {"status": "offline", "name": "lichao"}, {"status": "offline", "name": "garrylin"}]
1<split>bf08cfcfb17085dbeac8f126d69fe49a<split>2,223,24,None,[{"status": "online", "name": "lihao"}, {"status": "offline", "name": "yishipeng"}, {"status": "online", "name": "zhujunhua"}, {"status": "offline", "name": "admin"}, {"status": "offline", "name": "zhouzhiyang"}, {"status": "offline", "name": "sunxu"}, {"status": "offline", "name": "zhangdongyang"}, {"status": "offline", "name": "liujun02"}, {"status": "offline", "name": "lichao"}, {"status": "offline", "name": "garrylin"}]
操作符号1
字符串长度是:56
1 2,223,24,None,[{"status": "online", "name": "lihao"}, {"status": "offline", "name": "yishipeng"}, {"status": "online", "name": "zhujunhua"}, {"status": "offline", "name": "admin"}, {"status": "offline", "name": "zhouzhiyang"}, {"status": "offline", "name": "sunxu"}, {"status": "offline", "name": "zhangdongyang"}, {"status": "offline", "name": "liujun02"}, {"status": "offline", "name": "lichao"}, {"status": "offline", "name": "garrylin"}]
1<split>bf08cfcfb17085dbeac8f126d69fe49a<split>2,223,24,None,[{"status": "online", "name": "lihao"}, {"status": "offline", "name": "yishipeng"}, {"status": "online", "name": "zhujunhua"}, {"status": "offline", "name": "admin"}, {"status": "offline", "name": "zhouzhiyang"}, {"status": "offline", "name": "sunxu"}, {"status": "offline", "name": "zhangdongyang"}, {"status": "offline", "name": "liujun02"}, {"status": "offline", "name": "lichao"}, {"status": "offline", "name": "garrylin"}]
操作符号1
字符串长度是:56
1 2,223,24,None,[{"status": "online", "name": "lihao"}, {"status": "offline", "name": "yishipeng"}, {"status": "online", "name": "zhujunhua"}, {"status": "offline", "name": "admin"}, {"status": "offline", "name": "zhouzhiyang"}, {"status": "offline", "name": "sunxu"}, {"status": "offline", "name": "zhangdongyang"}, {"status": "offline", "name": "liujun02"}, {"status": "offline", "name": "lichao"}, {"status": "offline", "name": "garrylin"}]
1<split>bf08cfcfb17085dbeac8f126d69fe49a<split>2,223,24,None,[{"status": "online", "name": "lihao"}, {"status": "offline", "name": "yishipeng"}, {"status": "online", "name": "zhujunhua"}, {"status": "offline", "name": "admin"}, {"status": "offline", "name": "zhouzhiyang"}, {"status": "offline", "name": "sunxu"}, {"status": "offline", "name": "zhangdongyang"}, {"status": "offline", "name": "liujun02"}, {"status": "offline", "name": "lichao"}, {"status": "offline", "name": "garrylin"}]
操作符号1
字符串长度是:56
1 2,223,24,None,[{"status": "online", "name": "lihao"}, {"status": "offline", "name": "yishipeng"}, {"status": "online", "name": "zhujunhua"}, {"status": "offline", "name": "admin"}, {"status": "offline", "name": "zhouzhiyang"}, {"status": "offline", "name": "sunxu"}, {"status": "offline", "name": "zhangdongyang"}, {"status": "offline", "name": "liujun02"}, {"status": "offline", "name": "lichao"}, {"status": "offline", "name": "garrylin"}]
1<split>bf08cfcfb17085dbeac8f126d69fe49a<split>2,223,24,None,[{"status": "online", "name": "lihao"}, {"status": "offline", "name": "yishipeng"}, {"status": "online", "name": "zhujunhua"}, {"status": "offline", "name": "admin"}, {"status": "offline", "name": "zhouzhiyang"}, {"status": "offline", "name": "sunxu"}, {"status": "offline", "name": "zhangdongyang"}, {"status": "offline", "name": "liujun02"}, {"status": "offline", "name": "lichao"}, {"status": "offline", "name": "garrylin"}]
操作符号1
字符串长度是:56
1 2,223,24,None,[{"status": "online", "name": "lihao"}, {"status": "offline", "name": "yishipeng"}, {"status": "online", "name": "zhujunhua"}, {"status": "offline", "name": "admin"}, {"status": "offline", "name": "zhouzhiyang"}, {"status": "offline", "name": "sunxu"}, {"status": "offline", "name": "zhangdongyang"}, {"status": "offline", "name": "liujun02"}, {"status": "offline", "name": "lichao"}, {"status": "offline", "name": "garrylin"}]
1<split>bf08cfcfb17085dbeac8f126d69fe49a<split>2,223,24,None,[{"status": "online", "name": "lihao"}, {"status": "offline", "name": "yishipeng"}, {"status": "online", "name": "zhujunhua"}, {"status": "offline", "name": "admin"}, {"status": "offline", "name": "zhouzhiyang"}, {"status": "offline", "name": "sunxu"}, {"status": "offline", "name": "zhangdongyang"}, {"status": "offline", "name": "liujun02"}, {"status": "offline", "name": "lichao"}, {"status": "offline", "name": "garrylin"}]
操作符号1
字符串长度是:56
1 2,223,24,None,[{"status": "online", "name": "lihao"}, {"status": "offline", "name": "yishipeng"}, {"status": "online", "name": "zhujunhua"}, {"status": "offline", "name": "admin"}, {"status": "offline", "name": "zhouzhiyang"}, {"status": "offline", "name": "sunxu"}, {"status": "offline", "name": "zhangdongyang"}, {"status": "offline", "name": "liujun02"}, {"status": "offline", "name": "lichao"}, {"status": "offline", "name": "garrylin"}]
1<split>bf08cfcfb17085dbeac8f126d69fe49a<split>2,223,24,None,[{"status": "online", "name": "lihao"}, {"status": "offline", "name": "yishipeng"}, {"status": "online", "name": "zhujunhua"}, {"status": "offline", "name": "admin"}, {"status": "offline", "name": "zhouzhiyang"}, {"status": "offline", "name": "sunxu"}, {"status": "offline", "name": "zhangdongyang"}, {"status": "offline", "name": "liujun02"}, {"status": "offline", "name": "lichao"}, {"status": "offline", "name": "garrylin"}]
操作符号1
字符串长度是:56
1 2,223,24,None,[{"status": "online", "name": "lihao"}, {"status": "offline", "name": "yishipeng"}, {"status": "online", "name": "zhujunhua"}, {"status": "offline", "name": "admin"}, {"status": "offline", "name": "zhouzhiyang"}, {"status": "offline", "name": "sunxu"}, {"status": "offline", "name": "zhangdongyang"}, {"status": "offline", "name": "liujun02"}, {"status": "offline", "name": "lichao"}, {"status": "offline", "name": "garrylin"}]
1<split>bf08cfcfb17085dbeac8f126d69fe49a<split>2,223,24,None,[{"status": "online", "name": "lihao"}, {"status": "offline", "name": "yishipeng"}, {"status": "online", "name": "zhujunhua"}, {"status": "offline", "name": "admin"}, {"status": "offline", "name": "zhouzhiyang"}, {"status": "offline", "name": "sunxu"}, {"status": "offline", "name": "zhangdongyang"}, {"status": "offline", "name": "liujun02"}, {"status": "offline", "name": "lichao"}, {"status": "offline", "name": "garrylin"}]
操作符号1
字符串长度是:56
1 2,223,24,None,[{"status": "online", "name": "lihao"}, {"status": "offline", "name": "yishipeng"}, {"status": "online", "name": "zhujunhua"}, {"status": "offline", "name": "admin"}, {"status": "offline", "name": "zhouzhiyang"}, {"status": "offline", "name": "sunxu"}, {"status": "offline", "name": "zhangdongyang"}, {"status": "offline", "name": "liujun02"}, {"status": "offline", "name": "lichao"}, {"status": "offline", "name": "garrylin"}]
1<split>bf08cfcfb17085dbeac8f126d69fe49a<split>2,223,24,None,[{"status": "online", "name": "lihao"}, {"status": "offline", "name": "yishipeng"}, {"status": "online", "name": "zhujunhua"}, {"status": "offline", "name": "admin"}, {"status": "offline", "name": "zhouzhiyang"}, {"status": "offline", "name": "sunxu"}, {"status": "offline", "name": "zhangdongyang"}, {"status": "offline", "name": "liujun02"}, {"status": "offline", "name": "lichao"}, {"status": "offline", "name": "garrylin"}]
操作符号1
字符串长度是:56
1 2,223,24,None,[{"status": "online", "name": "lihao"}, {"status": "offline", "name": "yishipeng"}, {"status": "online", "name": "zhujunhua"}, {"status": "offline", "name": "admin"}, {"status": "offline", "name": "zhouzhiyang"}, {"status": "offline", "name": "sunxu"}, {"status": "offline", "name": "zhangdongyang"}, {"status": "offline", "name": "liujun02"}, {"status": "offline", "name": "lichao"}, {"status": "offline", "name": "garrylin"}]
1<split>bf08cfcfb17085dbeac8f126d69fe49a<split>2,223,24,None,[{"status": "online", "name": "lihao"}, {"status": "offline", "name": "yishipeng"}, {"status": "online", "name": "zhujunhua"}, {"status": "offline", "name": "admin"}, {"status": "offline", "name": "zhouzhiyang"}, {"status": "offline", "name": "sunxu"}, {"status": "offline", "name": "zhangdongyang"}, {"status": "offline", "name": "liujun02"}, {"status": "offline", "name": "lichao"}, {"status": "offline", "name": "garrylin"}]
操作符号1
字符串长度是:56
1 2,223,24,None,[{"status": "online", "name": "lihao"}, {"status": "offline", "name": "yishipeng"}, {"status": "online", "name": "zhujunhua"}, {"status": "offline", "name": "admin"}, {"status": "offline", "name": "zhouzhiyang"}, {"status": "offline", "name": "sunxu"}, {"status": "offline", "name": "zhangdongyang"}, {"status": "offline", "name": "liujun02"}, {"status": "offline", "name": "lichao"}, {"status": "offline", "name": "garrylin"}]
1<split>bf08cfcfb17085dbeac8f126d69fe49a<split>2,223,24,None,[{"status": "online", "name": "lihao"}, {"status": "offline", "name": "yishipeng"}, {"status": "online", "name": "zhujunhua"}, {"status": "offline", "name": "admin"}, {"status": "offline", "name": "zhouzhiyang"}, {"status": "offline", "name": "sunxu"}, {"status": "offline", "name": "zhangdongyang"}, {"status": "offline", "name": "liujun02"}, {"status": "offline", "name": "lichao"}, {"status": "offline", "name": "garrylin"}]
操作符号1
字符串长度是:56
1 2,223,24,None,[{"status": "online", "name": "lihao"}, {"status": "offline", "name": "yishipeng"}, {"status": "online", "name": "zhujunhua"}, {"status": "offline", "name": "admin"}, {"status": "offline", "name": "zhouzhiyang"}, {"status": "offline", "name": "sunxu"}, {"status": "offline", "name": "zhangdongyang"}, {"status": "offline", "name": "liujun02"}, {"status": "offline", "name": "lichao"}, {"status": "offline", "name": "garrylin"}]
1<split>bf08cfcfb17085dbeac8f126d69fe49a<split>2,223,24,None,[{"status": "online", "name": "lihao"}, {"status": "offline", "name": "yishipeng"}, {"status": "online", "name": "zhujunhua"}, {"status": "offline", "name": "admin"}, {"status": "offline", "name": "zhouzhiyang"}, {"status": "offline", "name": "sunxu"}, {"status": "offline", "name": "zhangdongyang"}, {"status": "offline", "name": "liujun02"}, {"status": "offline", "name": "lichao"}, {"status": "offline", "name": "garrylin"}]
操作符号1
字符串长度是:56
1 2,223,24,None,[{"status": "online", "name": "lihao"}, {"status": "offline", "name": "yishipeng"}, {"status": "online", "name": "zhujunhua"}, {"status": "offline", "name": "admin"}, {"status": "offline", "name": "zhouzhiyang"}, {"status": "offline", "name": "sunxu"}, {"status": "offline", "name": "zhangdongyang"}, {"status": "offline", "name": "liujun02"}, {"status": "offline", "name": "lichao"}, {"status": "offline", "name": "garrylin"}]
1<split>bf08cfcfb17085dbeac8f126d69fe49a<split>2,223,24,None,[{"status": "online", "name": "lihao"}, {"status": "offline", "name": "yishipeng"}, {"status": "online", "name": "zhujunhua"}, {"status": "offline", "name": "admin"}, {"status": "offline", "name": "zhouzhiyang"}, {"status": "offline", "name": "sunxu"}, {"status": "offline", "name": "zhangdongyang"}, {"status": "offline", "name": "liujun02"}, {"status": "offline", "name": "lichao"}, {"status": "offline", "name": "garrylin"}]
操作符号1
字符串长度是:56
1 2,223,24,None,[{"status": "online", "name": "lihao"}, {"status": "offline", "name": "yishipeng"}, {"status": "online", "name": "zhujunhua"}, {"status": "offline", "name": "admin"}, {"status": "offline", "name": "zhouzhiyang"}, {"status": "offline", "name": "sunxu"}, {"status": "offline", "name": "zhangdongyang"}, {"status": "offline", "name": "liujun02"}, {"status": "offline", "name": "lichao"}, {"status": "offline", "name": "garrylin"}]
1<split>bf08cfcfb17085dbeac8f126d69fe49a<split>2,223,24,None,[{"status": "online", "name": "lihao"}, {"status": "offline", "name": "yishipeng"}, {"status": "online", "name": "zhujunhua"}, {"status": "offline", "name": "admin"}, {"status": "offline", "name": "zhouzhiyang"}, {"status": "offline", "name": "sunxu"}, {"status": "offline", "name": "zhangdongyang"}, {"status": "offline", "name": "liujun02"}, {"status": "offline", "name": "lichao"}, {"status": "offline", "name": "garrylin"}]
操作符号1
字符串长度是:56
1 2,223,24,None,[{"status": "online", "name": "lihao"}, {"status": "offline", "name": "yishipeng"}, {"status": "online", "name": "zhujunhua"}, {"status": "offline", "name": "admin"}, {"status": "offline", "name": "zhouzhiyang"}, {"status": "offline", "name": "sunxu"}, {"status": "offline", "name": "zhangdongyang"}, {"status": "offline", "name": "liujun02"}, {"status": "offline", "name": "lichao"}, {"status": "offline", "name": "garrylin"}]
1<split>bf08cfcfb17085dbeac8f126d69fe49a<split>2,223,24,None,[{"status": "online", "name": "lihao"}, {"status": "offline", "name": "yishipeng"}, {"status": "online", "name": "zhujunhua"}, {"status": "offline", "name": "admin"}, {"status": "offline", "name": "zhouzhiyang"}, {"status": "offline", "name": "sunxu"}, {"status": "offline", "name": "zhangdongyang"}, {"status": "offline", "name": "liujun02"}, {"status": "offline", "name": "lichao"}, {"status": "offline", "name": "garrylin"}]
操作符号1
字符串长度是:56
1 2,223,24,None,[{"status": "online", "name": "lihao"}, {"status": "offline", "name": "yishipeng"}, {"status": "online", "name": "zhujunhua"}, {"status": "offline", "name": "admin"}, {"status": "offline", "name": "zhouzhiyang"}, {"status": "offline", "name": "sunxu"}, {"status": "offline", "name": "zhangdongyang"}, {"status": "offline", "name": "liujun02"}, {"status": "offline", "name": "lichao"}, {"status": "offline", "name": "garrylin"}]
1<split>bf08cfcfb17085dbeac8f126d69fe49a<split>2,223,24,None,[{"status": "online", "name": "lihao"}, {"status": "offline", "name": "yishipeng"}, {"status": "online", "name": "zhujunhua"}, {"status": "offline", "name": "admin"}, {"status": "offline", "name": "zhouzhiyang"}, {"status": "offline", "name": "sunxu"}, {"status": "offline", "name": "zhangdongyang"}, {"status": "offline", "name": "liujun02"}, {"status": "offline", "name": "lichao"}, {"status": "offline", "name": "garrylin"}]
操作符号1
字符串长度是:56
1 2,223,24,None,[{"status": "online", "name": "lihao"}, {"status": "offline", "name": "yishipeng"}, {"status": "online", "name": "zhujunhua"}, {"status": "offline", "name": "admin"}, {"status": "offline", "name": "zhouzhiyang"}, {"status": "offline", "name": "sunxu"}, {"status": "offline", "name": "zhangdongyang"}, {"status": "offline", "name": "liujun02"}, {"status": "offline", "name": "lichao"}, {"status": "offline", "name": "garrylin"}]
1<split>bf08cfcfb17085dbeac8f126d69fe49a<split>2,223,24,None,[{"status": "online", "name": "lihao"}, {"status": "offline", "name": "yishipeng"}, {"status": "online", "name": "zhujunhua"}, {"status": "offline", "name": "admin"}, {"status": "offline", "name": "zhouzhiyang"}, {"status": "offline", "name": "sunxu"}, {"status": "offline", "name": "zhangdongyang"}, {"status": "offline", "name": "liujun02"}, {"status": "offline", "name": "lichao"}, {"status": "offline", "name": "garrylin"}]
操作符号1
字符串长度是:56
1 2,223,24,None,[{"status": "online", "name": "lihao"}, {"status": "offline", "name": "yishipeng"}, {"status": "online", "name": "zhujunhua"}, {"status": "offline", "name": "admin"}, {"status": "offline", "name": "zhouzhiyang"}, {"status": "offline", "name": "sunxu"}, {"status": "offline", "name": "zhangdongyang"}, {"status": "offline", "name": "liujun02"}, {"status": "offline", "name": "lichao"}, {"status": "offline", "name": "garrylin"}]
1<split>bf08cfcfb17085dbeac8f126d69fe49a<split>2,223,24,None,[{"status": "online", "name": "lihao"}, {"status": "offline", "name": "yishipeng"}, {"status": "online", "name": "zhujunhua"}, {"status": "offline", "name": "admin"}, {"status": "offline", "name": "zhouzhiyang"}, {"status": "offline", "name": "sunxu"}, {"status": "offline", "name": "zhangdongyang"}, {"status": "offline", "name": "liujun02"}, {"status": "offline", "name": "lichao"}, {"status": "offline", "name": "garrylin"}]
[Errno 32] Broken pipe
操作符号1
字符串长度是:56
1 2,223,24,None,[{"status": "online", "name": "lihao"}, {"status": "offline", "name": "yishipeng"}, {"status": "online", "name": "zhujunhua"}, {"status": "offline", "name": "admin"}, {"status": "offline", "name": "zhouzhiyang"}, {"status": "offline", "name": "sunxu"}, {"status": "offline", "name": "zhangdongyang"}, {"status": "offline", "name": "liujun02"}, {"status": "offline", "name": "lichao"}, {"status": "offline", "name": "garrylin"}]
1<split>bf08cfcfb17085dbeac8f126d69fe49a<split>2,223,24,None,[{"status": "online", "name": "lihao"}, {"status": "offline", "name": "yishipeng"}, {"status": "online", "name": "zhujunhua"}, {"status": "offline", "name": "admin"}, {"status": "offline", "name": "zhouzhiyang"}, {"status": "offline", "name": "sunxu"}, {"status": "offline", "name": "zhangdongyang"}, {"status": "offline", "name": "liujun02"}, {"status": "offline", "name": "lichao"}, {"status": "offline", "name": "garrylin"}]
[Errno 32] Broken pipe
操作符号1
字符串长度是:56
1 2,223,24,None,[{"status": "online", "name": "lihao"}, {"status": "offline", "name": "yishipeng"}, {"status": "online", "name": "zhujunhua"}, {"status": "offline", "name": "admin"}, {"status": "offline", "name": "zhouzhiyang"}, {"status": "offline", "name": "sunxu"}, {"status": "offline", "name": "zhangdongyang"}, {"status": "offline", "name": "liujun02"}, {"status": "offline", "name": "lichao"}, {"status": "offline", "name": "garrylin"}]
1<split>bf08cfcfb17085dbeac8f126d69fe49a<split>2,223,24,None,[{"status": "online", "name": "lihao"}, {"status": "offline", "name": "yishipeng"}, {"status": "online", "name": "zhujunhua"}, {"status": "offline", "name": "admin"}, {"status": "offline", "name": "zhouzhiyang"}, {"status": "offline", "name": "sunxu"}, {"status": "offline", "name": "zhangdongyang"}, {"status": "offline", "name": "liujun02"}, {"status": "offline", "name": "lichao"}, {"status": "offline", "name": "garrylin"}]
[Errno 32] Broken pipe
操作符号1
字符串长度是:56
1 2,223,24,None,[{"status": "online", "name": "lihao"}, {"status": "offline", "name": "yishipeng"}, {"status": "online", "name": "zhujunhua"}, {"status": "offline", "name": "admin"}, {"status": "offline", "name": "zhouzhiyang"}, {"status": "offline", "name": "sunxu"}, {"status": "offline", "name": "zhangdongyang"}, {"status": "offline", "name": "liujun02"}, {"status": "offline", "name": "lichao"}, {"status": "offline", "name": "garrylin"}]
1<split>bf08cfcfb17085dbeac8f126d69fe49a<split>2,223,24,None,[{"status": "online", "name": "lihao"}, {"status": "offline", "name": "yishipeng"}, {"status": "online", "name": "zh